# JRE version: Java(TM) SE Runtime Environment (8.0_25-b18) (build 1.8.0_25-b18)
# Java VM: Java HotSpot(TM) 64-Bit Server VM (25.25-b02 mixed mode windows-amd64 compressed oops)
Heap:
 PSYoungGen      total 103424K, used 103405K [0x00000000d6300000, 0x00000000dd800000, 0x0000000100000000)
  eden space 94208K, 100% used [0x00000000d6300000,0x00000000dbf00000,0x00000000dbf00000)
  from space 9216K, 99% used [0x00000000dca80000,0x00000000dd37b578,0x00000000dd380000)
  to   space 11776K, 97% used [0x00000000dbf00000,0x00000000dca3db68,0x00000000dca80000)
 ParOldGen       total 60416K, used 11974K [0x0000000082800000, 0x0000000086300000, 0x00000000d6300000)
  object space 60416K, 19% used [0x0000000082800000,0x00000000833b1a70,0x0000000086300000)
 Metaspace       used 33682K, capacity 35290K, committed 35456K, reserved 1079296K
  class space    used 4612K, capacity 4917K, committed 4992K, reserved 1048576K
GC Heap History (10 events):
Event: 3.708 GC heap after
Heap after GC invocations=3 (full 0):
 PSYoungGen      total 37888K, used 5105K [0x00000000d6300000, 0x00000000dad00000, 0x0000000100000000)
  eden space 32768K, 0% used [0x00000000d6300000,0x00000000d6300000,0x00000000d8300000)
  from space 5120K, 99% used [0x00000000d8300000,0x00000000d87fc578,0x00000000d8800000)
  to   space 5120K, 0% used [0x00000000da800000,0x00000000da800000,0x00000000dad00000)
 ParOldGen       total 86016K, used 2195K [0x0000000082800000, 0x0000000087c00000, 0x00000000d6300000)
  object space 86016K, 2% used [0x0000000082800000,0x0000000082a24f38,0x0000000087c00000)
 Metaspace       used 17019K, capacity 17426K, committed 17536K, reserved 1064960K
  class space    used 2268K, capacity 2380K, committed 2432K, reserved 1048576K
}
Event: 4.232 GC heap before
{Heap before GC invocations=4 (full 0):
 PSYoungGen      total 37888K, used 36416K [0x00000000d6300000, 0x00000000dad00000, 0x0000000100000000)
  eden space 32768K, 95% used [0x00000000d6300000,0x00000000d8193df8,0x00000000d8300000)
  from space 5120K, 99% used [0x00000000d8300000,0x00000000d87fc578,0x00000000d8800000)
  to   space 5120K, 0% used [0x00000000da800000,0x00000000da800000,0x00000000dad00000)
 ParOldGen       total 86016K, used 2195K [0x0000000082800000, 0x0000000087c00000, 0x00000000d6300000)
  object space 86016K, 2% used [0x0000000082800000,0x0000000082a24f38,0x0000000087c00000)
 Metaspace       used 20722K, capacity 21218K, committed 21296K, reserved 1067008K
  class space    used 2758K, capacity 2898K, committed 2944K, reserved 1048576K
Event: 4.247 GC heap after
Heap after GC invocations=4 (full 0):
 PSYoungGen      total 70656K, used 5090K [0x00000000d6300000, 0x00000000dad00000, 0x0000000100000000)
  eden space 65536K, 0% used [0x00000000d6300000,0x00000000d6300000,0x00000000da300000)
  from space 5120K, 99% used [0x00000000da800000,0x00000000dacf8820,0x00000000dad00000)
  to   space 5120K, 0% used [0x00000000da300000,0x00000000da300000,0x00000000da800000)
 ParOldGen       total 86016K, used 4836K [0x0000000082800000, 0x0000000087c00000, 0x00000000d6300000)
  object space 86016K, 5% used [0x0000000082800000,0x0000000082cb9098,0x0000000087c00000)
 Metaspace       used 20722K, capacity 21218K, committed 21296K, reserved 1067008K
  class space    used 2758K, capacity 2898K, committed 2944K, reserved 1048576K
}
Event: 4.247 GC heap before
{Heap before GC invocations=5 (full 1):
 PSYoungGen      total 70656K, used 5090K [0x00000000d6300000, 0x00000000dad00000, 0x0000000100000000)
  eden space 65536K, 0% used [0x00000000d6300000,0x00000000d6300000,0x00000000da300000)
  from space 5120K, 99% used [0x00000000da800000,0x00000000dacf8820,0x00000000dad00000)
  to   space 5120K, 0% used [0x00000000da300000,0x00000000da300000,0x00000000da800000)
 ParOldGen       total 86016K, used 4836K [0x0000000082800000, 0x0000000087c00000, 0x00000000d6300000)
  object space 86016K, 5% used [0x0000000082800000,0x0000000082cb9098,0x0000000087c00000)
 Metaspace       used 20722K, capacity 21218K, committed 21296K, reserved 1067008K
  class space    used 2758K, capacity 2898K, committed 2944K, reserved 1048576K
Event: 4.321 GC heap after
Heap after GC invocations=5 (full 1):
 PSYoungGen      total 70656K, used 0K [0x00000000d6300000, 0x00000000dad00000, 0x0000000100000000)
  eden space 65536K, 0% used [0x00000000d6300000,0x00000000d6300000,0x00000000da300000)
  from space 5120K, 0% used [0x00000000da800000,0x00000000da800000,0x00000000dad00000)
  to   space 5120K, 0% used [0x00000000da300000,0x00000000da300000,0x00000000da800000)
 ParOldGen       total 60416K, used 7610K [0x0000000082800000, 0x0000000086300000, 0x00000000d6300000)
  object space 60416K, 12% used [0x0000000082800000,0x0000000082f6e858,0x0000000086300000)
 Metaspace       used 20720K, capacity 21216K, committed 21296K, reserved 1067008K
  class space    used 2758K, capacity 2897K, committed 2944K, reserved 1048576K
}
Event: 5.238 GC heap before
{Heap before GC invocations=6 (full 1):
 PSYoungGen      total 70656K, used 65536K [0x00000000d6300000, 0x00000000dad00000, 0x0000000100000000)
  eden space 65536K, 100% used [0x00000000d6300000,0x00000000da300000,0x00000000da300000)
  from space 5120K, 0% used [0x00000000da800000,0x00000000da800000,0x00000000dad00000)
  to   space 5120K, 0% used [0x00000000da300000,0x00000000da300000,0x00000000da800000)
 ParOldGen       total 60416K, used 7610K [0x0000000082800000, 0x0000000086300000, 0x00000000d6300000)
  object space 60416K, 12% used [0x0000000082800000,0x0000000082f6e858,0x0000000086300000)
 Metaspace       used 23718K, capacity 24490K, committed 24704K, reserved 1071104K
  class space    used 3204K, capacity 3372K, committed 3456K, reserved 1048576K
Event: 5.248 GC heap after
Heap after GC invocations=6 (full 1):
 PSYoungGen      total 70656K, used 5104K [0x00000000d6300000, 0x00000000dd380000, 0x0000000100000000)
  eden space 65536K, 0% used [0x00000000d6300000,0x00000000d6300000,0x00000000da300000)
  from space 5120K, 99% used [0x00000000da300000,0x00000000da7fc350,0x00000000da800000)
  to   space 9216K, 0% used [0x00000000dca80000,0x00000000dca80000,0x00000000dd380000)
 ParOldGen       total 60416K, used 8915K [0x0000000082800000, 0x0000000086300000, 0x00000000d6300000)
  object space 60416K, 14% used [0x0000000082800000,0x00000000830b4c50,0x0000000086300000)
 Metaspace       used 23718K, capacity 24490K, committed 24704K, reserved 1071104K
  class space    used 3204K, capacity 3372K, committed 3456K, reserved 1048576K
}
Event: 7.363 GC heap before
{Heap before GC invocations=7 (full 1):
 PSYoungGen      total 70656K, used 70640K [0x00000000d6300000, 0x00000000dd380000, 0x0000000100000000)
  eden space 65536K, 100% used [0x00000000d6300000,0x00000000da300000,0x00000000da300000)
  from space 5120K, 99% used [0x00000000da300000,0x00000000da7fc350,0x00000000da800000)
  to   space 9216K, 0% used [0x00000000dca80000,0x00000000dca80000,0x00000000dd380000)
 ParOldGen       total 60416K, used 8915K [0x0000000082800000, 0x0000000086300000, 0x00000000d6300000)
  object space 60416K, 14% used [0x0000000082800000,0x00000000830b4c50,0x0000000086300000)
 Metaspace       used 28554K, capacity 29764K, committed 29952K, reserved 1075200K
  class space    used 3839K, capacity 4075K, committed 4096K, reserved 1048576K
Event: 7.392 GC heap after
Heap after GC invocations=7 (full 1):
 PSYoungGen      total 103424K, used 9197K [0x00000000d6300000, 0x00000000dd800000, 0x0000000100000000)
  eden space 94208K, 0% used [0x00000000d6300000,0x00000000d6300000,0x00000000dbf00000)
  from space 9216K, 99% used [0x00000000dca80000,0x00000000dd37b578,0x00000000dd380000)
  to   space 11776K, 0% used [0x00000000dbf00000,0x00000000dbf00000,0x00000000dca80000)
 ParOldGen       total 60416K, used 11966K [0x0000000082800000, 0x0000000086300000, 0x00000000d6300000)
  object space 60416K, 19% used [0x0000000082800000,0x00000000833afa70,0x0000000086300000)
 Metaspace       used 28554K, capacity 29764K, committed 29952K, reserved 1075200K
  class space    used 3839K, capacity 4075K, committed 4096K, reserved 1048576K
}
Event: 19.329 GC heap before
{Heap before GC invocations=8 (full 1):
 PSYoungGen      total 103424K, used 103405K [0x00000000d6300000, 0x00000000dd800000, 0x0000000100000000)
  eden space 94208K, 100% used [0x00000000d6300000,0x00000000dbf00000,0x00000000dbf00000)
  from space 9216K, 99% used [0x00000000dca80000,0x00000000dd37b578,0x00000000dd380000)
  to   space 11776K, 0% used [0x00000000dbf00000,0x00000000dbf00000,0x00000000dca80000)
 ParOldGen       total 60416K, used 11966K [0x0000000082800000, 0x0000000086300000, 0x00000000d6300000)
  object space 60416K, 19% used [0x0000000082800000,0x00000000833afa70,0x0000000086300000)
 Metaspace       used 33682K, capacity 35290K, committed 35456K, reserved 1079296K
  class space    used 4612K, capacity 4917K, committed 4992K, reserved 1048576K

